This is pdfTeX, Version 3.14159265-2.6-1.40.17 (MiKTeX 2.9.6210 64-bit) (preloaded format=pdflatex 2017.1.20)  17 FEB 2017 12:46
entering extended mode
**./HW03_.tex
(HW03_.tex
LaTeX2e <2016/03/31> patch level 3
Babel <3.9r> and hyphenation patterns for 75 language(s) loaded.
("C:\Program Files\MiKTeX 2.9\tex\latex\base\article.cls"
Document Class: article 2014/09/29 v1.4h Standard LaTeX document class
("C:\Program Files\MiKTeX 2.9\tex\latex\base\size10.clo"
File: size10.clo 2014/09/29 v1.4h Standard LaTeX file (size option)
)
\c@part=\count79
\c@section=\count80
\c@subsection=\count81
\c@subsubsection=\count82
\c@paragraph=\count83
\c@subparagraph=\count84
\c@figure=\count85
\c@table=\count86
\abovecaptionskip=\skip41
\belowcaptionskip=\skip42
\bibindent=\dimen102
)
("C:\Program Files\MiKTeX 2.9\tex\latex\graphics\epsfig.sty"
Package: epsfig 1999/02/16 v1.7a (e)psfig emulation (SPQR)

("C:\Program Files\MiKTeX 2.9\tex\latex\graphics\graphicx.sty"
Package: graphicx 2014/10/28 v1.0g Enhanced LaTeX Graphics (DPC,SPQR)

("C:\Program Files\MiKTeX 2.9\tex\latex\graphics\keyval.sty"
Package: keyval 2014/10/28 v1.15 key=value parser (DPC)
\KV@toks@=\toks14
)
("C:\Program Files\MiKTeX 2.9\tex\latex\graphics\graphics.sty"
Package: graphics 2016/07/10 v1.0t Standard LaTeX Graphics (DPC,SPQR)

("C:\Program Files\MiKTeX 2.9\tex\latex\graphics\trig.sty"
Package: trig 2016/01/03 v1.10 sin cos tan (DPC)
)
("C:\Program Files\MiKTeX 2.9\tex\latex\graphics-cfg\graphics.cfg"
File: graphics.cfg 2016/06/04 v1.11 sample graphics configuration
)
Package graphics Info: Driver file: pdftex.def on input line 99.

("C:\Program Files\MiKTeX 2.9\tex\latex\graphics-def\pdftex.def"
File: pdftex.def 2016/07/10 v0.06j Graphics/color for pdfTeX

("C:\Program Files\MiKTeX 2.9\tex\generic\oberdiek\infwarerr.sty"
Package: infwarerr 2016/05/16 v1.4 Providing info/warning/error messages (HO)
)
("C:\Program Files\MiKTeX 2.9\tex\generic\oberdiek\ltxcmds.sty"
Package: ltxcmds 2016/05/16 v1.23 LaTeX kernel commands for general use (HO)
)
\Gread@gobject=\count87
))
\Gin@req@height=\dimen103
\Gin@req@width=\dimen104
)
\epsfxsize=\dimen105
\epsfysize=\dimen106
)
("C:\Program Files\MiKTeX 2.9\tex\latex\amsmath\amsmath.sty"
Package: amsmath 2016/06/28 v2.15d AMS math features
\@mathmargin=\skip43

For additional information on amsmath, use the `?' option.
("C:\Program Files\MiKTeX 2.9\tex\latex\amsmath\amstext.sty"
Package: amstext 2000/06/29 v2.01 AMS text

("C:\Program Files\MiKTeX 2.9\tex\latex\amsmath\amsgen.sty"
File: amsgen.sty 1999/11/30 v2.0 generic functions
\@emptytoks=\toks15
\ex@=\dimen107
))
("C:\Program Files\MiKTeX 2.9\tex\latex\amsmath\amsbsy.sty"
Package: amsbsy 1999/11/29 v1.2d Bold Symbols
\pmbraise@=\dimen108
)
("C:\Program Files\MiKTeX 2.9\tex\latex\amsmath\amsopn.sty"
Package: amsopn 2016/03/08 v2.02 operator names
)
\inf@bad=\count88
LaTeX Info: Redefining \frac on input line 199.
\uproot@=\count89
\leftroot@=\count90
LaTeX Info: Redefining \overline on input line 297.
\classnum@=\count91
\DOTSCASE@=\count92
LaTeX Info: Redefining \ldots on input line 394.
LaTeX Info: Redefining \dots on input line 397.
LaTeX Info: Redefining \cdots on input line 518.
\Mathstrutbox@=\box26
\strutbox@=\box27
\big@size=\dimen109
LaTeX Font Info:    Redeclaring font encoding OML on input line 634.
LaTeX Font Info:    Redeclaring font encoding OMS on input line 635.
\macc@depth=\count93
\c@MaxMatrixCols=\count94
\dotsspace@=\muskip10
\c@parentequation=\count95
\dspbrk@lvl=\count96
\tag@help=\toks16
\row@=\count97
\column@=\count98
\maxfields@=\count99
\andhelp@=\toks17
\eqnshift@=\dimen110
\alignsep@=\dimen111
\tagshift@=\dimen112
\tagwidth@=\dimen113
\totwidth@=\dimen114
\lineht@=\dimen115
\@envbody=\toks18
\multlinegap=\skip44
\multlinetaggap=\skip45
\mathdisplay@stack=\toks19
LaTeX Info: Redefining \[ on input line 2739.
LaTeX Info: Redefining \] on input line 2740.
)
("C:\Program Files\MiKTeX 2.9\tex\latex\float\float.sty"
Package: float 2001/11/08 v1.3d Float enhancements (AL)
\c@float@type=\count100
\float@exts=\toks20
\float@box=\box28
\@float@everytoks=\toks21
\@floatcapt=\box29
)

LaTeX Warning: Unused global option(s):
    [epsfig].

(HW03_.aux

LaTeX Warning: Label `fig:1' multiply defined.


LaTeX Warning: Label `fig:2' multiply defined.


LaTeX Warning: Label `fig:2' multiply defined.


LaTeX Warning: Label `fig:1' multiply defined.


LaTeX Warning: Label `fig:1' multiply defined.

)
\openout1 = `HW03_.aux'.

LaTeX Font Info:    Checking defaults for OML/cmm/m/it on input line 21.
LaTeX Font Info:    ... okay on input line 21.
LaTeX Font Info:    Checking defaults for T1/cmr/m/n on input line 21.
LaTeX Font Info:    ... okay on input line 21.
LaTeX Font Info:    Checking defaults for OT1/cmr/m/n on input line 21.
LaTeX Font Info:    ... okay on input line 21.
LaTeX Font Info:    Checking defaults for OMS/cmsy/m/n on input line 21.
LaTeX Font Info:    ... okay on input line 21.
LaTeX Font Info:    Checking defaults for OMX/cmex/m/n on input line 21.
LaTeX Font Info:    ... okay on input line 21.
LaTeX Font Info:    Checking defaults for U/cmr/m/n on input line 21.
LaTeX Font Info:    ... okay on input line 21.
 ("C:\Program Files\MiKTeX 2.9\tex\context\base\supp-pdf.mkii"
[Loading MPS to PDF converter (version 2006.09.02).]
\scratchcounter=\count101
\scratchdimen=\dimen116
\scratchbox=\box30
\nofMPsegments=\count102
\nofMParguments=\count103
\everyMPshowfont=\toks22
\MPscratchCnt=\count104
\MPscratchDim=\dimen117
\MPnumerator=\count105
\makeMPintoPDFobject=\count106
\everyMPtoPDFconversion=\toks23
) ("C:\Program Files\MiKTeX 2.9\tex\generic\oberdiek\pdftexcmds.sty"
Package: pdftexcmds 2016/05/21 v0.22 Utility functions of pdfTeX for LuaTeX (HO
)

("C:\Program Files\MiKTeX 2.9\tex\generic\oberdiek\ifluatex.sty"
Package: ifluatex 2016/05/16 v1.4 Provides the ifluatex switch (HO)
Package ifluatex Info: LuaTeX not detected.
)
("C:\Program Files\MiKTeX 2.9\tex\generic\oberdiek\ifpdf.sty"
Package: ifpdf 2016/05/14 v3.1 Provides the ifpdf switch
)
Package pdftexcmds Info: LuaTeX not detected.
Package pdftexcmds Info: \pdf@primitive is available.
Package pdftexcmds Info: \pdf@ifprimitive is available.
Package pdftexcmds Info: \pdfdraftmode found.
)
("C:\Program Files\MiKTeX 2.9\tex\latex\oberdiek\epstopdf-base.sty"
Package: epstopdf-base 2016/05/15 v2.6 Base part for package epstopdf

("C:\Program Files\MiKTeX 2.9\tex\latex\oberdiek\grfext.sty"
Package: grfext 2016/05/16 v1.2 Manage graphics extensions (HO)

("C:\Program Files\MiKTeX 2.9\tex\generic\oberdiek\kvdefinekeys.sty"
Package: kvdefinekeys 2016/05/16 v1.4 Define keys (HO)
))
("C:\Program Files\MiKTeX 2.9\tex\latex\oberdiek\kvoptions.sty"
Package: kvoptions 2016/05/16 v3.12 Key value format for package options (HO)

("C:\Program Files\MiKTeX 2.9\tex\generic\oberdiek\kvsetkeys.sty"
Package: kvsetkeys 2016/05/16 v1.17 Key value parser (HO)

("C:\Program Files\MiKTeX 2.9\tex\generic\oberdiek\etexcmds.sty"
Package: etexcmds 2016/05/16 v1.6 Avoid name clashes with e-TeX commands (HO)
Package etexcmds Info: Could not find \expanded.
(etexcmds)             That can mean that you are not using pdfTeX 1.50 or
(etexcmds)             that some package has redefined \expanded.
(etexcmds)             In the latter case, load this package earlier.
)))
Package epstopdf-base Info: Redefining graphics rule for `.eps' on input line 4
38.
Package grfext Info: Graphics extension search list:
(grfext)             [.png,.pdf,.jpg,.mps,.jpeg,.jbig2,.jb2,.PNG,.PDF,.JPG,.JPE
G,.JBIG2,.JB2,.eps]
(grfext)             \AppendGraphicsExtensions on input line 456.
)
<Hw3fig1.pdf, id=1, 1027.84pt x 770.88pt>
File: Hw3fig1.pdf Graphic file (type pdf)
 <use Hw3fig1.pdf>
Package pdftex.def Info: Hw3fig1.pdf used on input line 47.
(pdftex.def)             Requested size: 505.89pt x 379.41656pt.

Overfull \hbox (21.68123pt too wide) in paragraph at lines 47--48
 [][] 
 []

[1{C:/ProgramData/MiKTeX/2.9/pdftex/config/pdftex.map}

 <./Hw3fig1.pdf>]
<oricha.png, id=21, 60.225pt x 12.045pt>
File: oricha.png Graphic file (type png)
 <use oricha.png>
Package pdftex.def Info: oricha.png used on input line 88.
(pdftex.def)             Requested size: 252.94499pt x 50.5939pt.

Underfull \hbox (badness 10000) in paragraph at lines 90--91

 []

<train.png, id=22, 421.575pt x 316.18124pt>
File: train.png Graphic file (type png)
 <use train.png>
Package pdftex.def Info: train.png used on input line 93.
(pdftex.def)             Requested size: 325.215pt x 243.9138pt.
 [2 <./oricha.png (PNG copy)>] <p20.png, id=30, 60.225pt x 12.045pt>
File: p20.png Graphic file (type png)
 <use p20.png>
Package pdftex.def Info: p20.png used on input line 105.
(pdftex.def)             Requested size: 180.67499pt x 36.13852pt.

<p22.png, id=31, 60.225pt x 12.045pt>
File: p22.png Graphic file (type png)
 <use p22.png>
Package pdftex.def Info: p22.png used on input line 107.
(pdftex.def)             Requested size: 180.67499pt x 36.13852pt.

<p2d.png, id=32, 60.225pt x 12.045pt>
File: p2d.png Graphic file (type png)
 <use p2d.png>
Package pdftex.def Info: p2d.png used on input line 109.
(pdftex.def)             Requested size: 180.67499pt x 36.13852pt.
File: oricha.png Graphic file (type png)
 <use oricha.png>
Package pdftex.def Info: oricha.png used on input line 111.
(pdftex.def)             Requested size: 180.67499pt x 36.13852pt.

Underfull \hbox (badness 10000) in paragraph at lines 102--113

 []

<p33i.png, id=33, 60.225pt x 12.045pt>
File: p33i.png Graphic file (type png)
 <use p33i.png>
Package pdftex.def Info: p33i.png used on input line 116.
(pdftex.def)             Requested size: 180.67499pt x 36.13852pt.

<p33.png, id=34, 60.225pt x 12.045pt>
File: p33.png Graphic file (type png)
 <use p33.png>
Package pdftex.def Info: p33.png used on input line 118.
(pdftex.def)             Requested size: 180.67499pt x 36.13852pt.

<p33d.png, id=35, 60.225pt x 12.045pt>
File: p33d.png Graphic file (type png)
 <use p33d.png>
Package pdftex.def Info: p33d.png used on input line 120.
(pdftex.def)             Requested size: 180.67499pt x 36.13852pt.

<p33o.png, id=36, 60.225pt x 12.045pt>
File: p33o.png Graphic file (type png)
 <use p33o.png>
Package pdftex.def Info: p33o.png used on input line 122.
(pdftex.def)             Requested size: 180.67499pt x 36.13852pt.
 [3 <./train.png (PNG copy)>] <p44i.png, id=41, 60.225pt x 12.045pt>
File: p44i.png Graphic file (type png)
 <use p44i.png>
Package pdftex.def Info: p44i.png used on input line 127.
(pdftex.def)             Requested size: 180.67499pt x 36.13852pt.

<p44.png, id=42, 60.225pt x 12.045pt>
File: p44.png Graphic file (type png)
 <use p44.png>
Package pdftex.def Info: p44.png used on input line 129.
(pdftex.def)             Requested size: 180.67499pt x 36.13852pt.

<p44d.png, id=43, 60.225pt x 12.045pt>
File: p44d.png Graphic file (type png)
 <use p44d.png>
Package pdftex.def Info: p44d.png used on input line 131.
(pdftex.def)             Requested size: 180.67499pt x 36.13852pt.

<p44o.png, id=44, 60.225pt x 12.045pt>
File: p44o.png Graphic file (type png)
 <use p44o.png>
Package pdftex.def Info: p44o.png used on input line 133.
(pdftex.def)             Requested size: 180.67499pt x 36.13852pt.

<p55i.png, id=45, 60.225pt x 12.045pt>
File: p55i.png Graphic file (type png)
 <use p55i.png>
Package pdftex.def Info: p55i.png used on input line 138.
(pdftex.def)             Requested size: 180.67499pt x 36.13852pt.

<p55.png, id=46, 60.225pt x 12.045pt>
File: p55.png Graphic file (type png)
 <use p55.png>
Package pdftex.def Info: p55.png used on input line 140.
(pdftex.def)             Requested size: 180.67499pt x 36.13852pt.

<p55d.png, id=47, 60.225pt x 12.045pt>
File: p55d.png Graphic file (type png)
 <use p55d.png>
Package pdftex.def Info: p55d.png used on input line 142.
(pdftex.def)             Requested size: 180.67499pt x 36.13852pt.

<p55o.png, id=48, 60.225pt x 12.045pt>
File: p55o.png Graphic file (type png)
 <use p55o.png>
Package pdftex.def Info: p55o.png used on input line 144.
(pdftex.def)             Requested size: 180.67499pt x 36.13852pt.
 [4 <./p20.png (PNG copy)> <./p22.png (PNG copy)> <./p2d.png (PNG copy)> <./p33
i.png (PNG copy)> <./p33.png (PNG copy)> <./p33d.png (PNG copy)> <./p33o.png (P
NG copy)>]
File: p20.png Graphic file (type png)
 <use p20.png>
Package pdftex.def Info: p20.png used on input line 165.
(pdftex.def)             Requested size: 252.94499pt x 50.5939pt.
File: oricha.png Graphic file (type png)

<use oricha.png>
Package pdftex.def Info: oricha.png used on input line 167.
(pdftex.def)             Requested size: 252.94499pt x 50.5939pt.
 [5 <./p44i.png (PNG copy)> <./p44.png (PNG copy)> <./p44d.png (PNG copy)> <./p
44o.png (PNG copy)> <./p55i.png (PNG copy)> <./p55.png (PNG copy)> <./p55d.png 
(PNG copy)> <./p55o.png (PNG copy)>]
File: train.png Graphic file (type png)
 <use train.png>
Package pdftex.def Info: train.png used on input line 172.
(pdftex.def)             Requested size: 325.215pt x 243.9138pt.
File: oricha.png Graphic file (type png)

<use oricha.png>
Package pdftex.def Info: oricha.png used on input line 189.
(pdftex.def)             Requested size: 252.94499pt x 50.5939pt.
 <p3d.png, id=55, 60.225pt x 12.045pt>
File: p3d.png Graphic file (type png)
 <use p3d.png>
Package pdftex.def Info: p3d.png used on input line 191.
(pdftex.def)             Requested size: 252.94499pt x 50.5939pt.

<p3e.png, id=56, 60.225pt x 12.045pt>
File: p3e.png Graphic file (type png)
 <use p3e.png>
Package pdftex.def Info: p3e.png used on input line 193.
(pdftex.def)             Requested size: 252.94499pt x 50.5939pt.
File: oricha.png Graphic file (type png)
 <use oricha.png>
Package pdftex.def Info: oricha.png used on input line 195.
(pdftex.def)             Requested size: 252.94499pt x 50.5939pt.

<q3i.png, id=57, 60.225pt x 12.045pt>
File: q3i.png Graphic file (type png)
 <use q3i.png>
Package pdftex.def Info: q3i.png used on input line 200.
(pdftex.def)             Requested size: 252.94499pt x 50.5939pt.

<q3d.png, id=58, 60.225pt x 12.045pt>
File: q3d.png Graphic file (type png)
 <use q3d.png>
Package pdftex.def Info: q3d.png used on input line 202.
(pdftex.def)             Requested size: 252.94499pt x 50.5939pt.

<q3e.png, id=59, 60.225pt x 12.045pt>
File: q3e.png Graphic file (type png)
 <use q3e.png>
Package pdftex.def Info: q3e.png used on input line 204.
(pdftex.def)             Requested size: 252.94499pt x 50.5939pt.

<q3o.png, id=60, 60.225pt x 12.045pt>
File: q3o.png Graphic file (type png)
 <use q3o.png>
Package pdftex.def Info: q3o.png used on input line 206.
(pdftex.def)             Requested size: 252.94499pt x 50.5939pt.
 [6] [7 <./p3d.png (PNG copy)> <./p3e.png (PNG copy)> <./q3i.png (PNG copy)> <.
/q3d.png (PNG copy)> <./q3e.png (PNG copy)> <./q3o.png (PNG copy)>] [8] (HW03_.
aux)

LaTeX Warning: There were multiply-defined labels.

 ) 
Here is how much of TeX's memory you used:
 2293 strings out of 493333
 30187 string characters out of 3139194
 92758 words of memory out of 3000000
 5793 multiletter control sequences out of 15000+200000
 5374 words of font info for 20 fonts, out of 3000000 for 9000
 1141 hyphenation exceptions out of 8191
 40i,6n,25p,285b,225s stack positions out of 5000i,500n,10000p,200000b,50000s
<C:/Program Files/MiKTeX 2.9/fonts/type1/public/amsfonts/cm/cmbx10.pfb><C:/Pr
ogram Files/MiKTeX 2.9/fonts/type1/public/amsfonts/cm/cmmi10.pfb><C:/Program Fi
les/MiKTeX 2.9/fonts/type1/public/amsfonts/cm/cmmi7.pfb><C:/Program Files/MiKTe
X 2.9/fonts/type1/public/amsfonts/cm/cmr10.pfb><C:/Program Files/MiKTeX 2.9/fon
ts/type1/public/amsfonts/cm/cmr7.pfb><C:/Program Files/MiKTeX 2.9/fonts/type1/p
ublic/amsfonts/cm/cmsl10.pfb><C:/Program Files/MiKTeX 2.9/fonts/type1/public/am
sfonts/cm/cmsy10.pfb><C:/Program Files/MiKTeX 2.9/fonts/type1/public/amsfonts/c
m/cmsy7.pfb>
Output written on HW03_.pdf (8 pages, 143363 bytes).
PDF statistics:
 97 PDF objects out of 1000 (max. 8388607)
 0 named destinations out of 1000 (max. 500000)
 121 words of extra memory for PDF output out of 10000 (max. 10000000)

